#
# A fatal error has been detected by the Java Runtime Environment:
#
#  Internal Error (./open/src/hotspot/share/interpreter/oopMapCache.cpp:111), pid=12656, tid=13732
#  Error: ShouldNotReachHere()
#
# JRE version: OpenJDK Runtime Environment (15.0.1+9) (build 15.0.1+9-18)
# Java VM: OpenJDK 64-Bit Server VM (15.0.1+9-18, mixed mode, tiered, compressed oops, g1 gc, windows-amd64)
# No core dump will be written. Minidumps are not enabled by default on client versions of Windows
#
# If you would like to submit a bug report, please visit:
#   https://bugreport.java.com/bugreport/crash.jsp
#

---------------  S U M M A R Y ------------

Command Line: -XX:+ShowCodeDetailsInExceptionMessages -agentlib:jdwp=transport=dt_socket,suspend=y,address=localhost:56567 -javaagent:C:\Users\Woorin\eclipse\java-2020-09\eclipse\configuration\org.eclipse.osgi\215\0\.cp\lib\javaagent-shaded.jar -Dfile.encoding=MS949 step8.B1712

Host: Intel(R) Core(TM) i7-7500U CPU @ 2.70GHz, 4 cores, 15G,  Windows 10 , 64 bit Build 18362 (10.0.18362.1316)
Time: Sat Jan 16 20:50:25 2021 ¢¥eCN©öI¡¾©ö C¡ÍA¨ª¨öA elapsed time: 2769.206260 seconds (0d 0h 46m 9s)

---------------  T H R E A D  ---------------

Current thread (0x000002a8c052cf10):  JavaThread "JDWP Transport Listener: dt_socket" daemon [_thread_in_vm, id=13732, stack(0x000000ffa5700000,0x000000ffa5800000)] _threads_hazard_ptr=0x000002a8c0609a30

Stack: [0x000000ffa5700000,0x000000ffa5800000]
Native frames: (J=compiled Java code, j=interpreted, Vv=VM code, C=native code)
V  [jvm.dll+0x62ae9a]
V  [jvm.dll+0x781389]
V  [jvm.dll+0x782ae3]
V  [jvm.dll+0x7830f7]
V  [jvm.dll+0x2161cc]
V  [jvm.dll+0x216113]
V  [jvm.dll+0x619caa]
V  [jvm.dll+0x619963]
V  [jvm.dll+0x5df038]
V  [jvm.dll+0x7783ef]
V  [jvm.dll+0x4f04b1]
V  [jvm.dll+0x787e95]
V  [jvm.dll+0x4d430a]
V  [jvm.dll+0x49548b]
C  [jdwp.dll+0x7f79]


---------------  P R O C E S S  ---------------

Threads class SMR info:
_java_thread_list=0x000002a8c0609a30, length=14, elements={
0x000002a89f392410, 0x000002a8c022a010, 0x000002a8c022cad0, 0x000002a8bf96a390,
0x000002a8bf96cd60, 0x000002a8bf96d810, 0x000002a8c0241b00, 0x000002a8c0244410,
0x000002a8c024d5d0, 0x000002a8bf8fef50, 0x000002a8c052cf10, 0x000002a8c056dea0,
0x000002a8c056e7a0, 0x000002a8c0733420
}

Java Threads: ( => current thread )
  0x000002a89f392410 JavaThread "main" [_thread_blocked, id=11848, stack(0x000000ffa4700000,0x000000ffa4800000)]
  0x000002a8c022a010 JavaThread "Reference Handler" daemon [_thread_blocked, id=12972, stack(0x000000ffa4e00000,0x000000ffa4f00000)]
  0x000002a8c022cad0 JavaThread "Finalizer" daemon [_thread_blocked, id=14772, stack(0x000000ffa4f00000,0x000000ffa5000000)]
  0x000002a8bf96a390 JavaThread "Signal Dispatcher" daemon [_thread_blocked, id=4280, stack(0x000000ffa5000000,0x000000ffa5100000)]
  0x000002a8bf96cd60 JavaThread "Attach Listener" daemon [_thread_blocked, id=14352, stack(0x000000ffa5100000,0x000000ffa5200000)]
  0x000002a8bf96d810 JavaThread "Service Thread" daemon [_thread_blocked, id=8256, stack(0x000000ffa5200000,0x000000ffa5300000)]
  0x000002a8c0241b00 JavaThread "C2 CompilerThread0" daemon [_thread_blocked, id=4924, stack(0x000000ffa5300000,0x000000ffa5400000)]
  0x000002a8c0244410 JavaThread "C1 CompilerThread0" daemon [_thread_blocked, id=7020, stack(0x000000ffa5400000,0x000000ffa5500000)]
  0x000002a8c024d5d0 JavaThread "Sweeper thread" daemon [_thread_blocked, id=5296, stack(0x000000ffa5500000,0x000000ffa5600000)]
  0x000002a8bf8fef50 JavaThread "Common-Cleaner" daemon [_thread_blocked, id=12724, stack(0x000000ffa5600000,0x000000ffa5700000)]
=>0x000002a8c052cf10 JavaThread "JDWP Transport Listener: dt_socket" daemon [_thread_in_vm, id=13732, stack(0x000000ffa5700000,0x000000ffa5800000)] _threads_hazard_ptr=0x000002a8c0609a30
  0x000002a8c056dea0 JavaThread "JDWP Event Helper Thread" daemon [_thread_blocked, id=14512, stack(0x000000ffa5800000,0x000000ffa5900000)]
  0x000002a8c056e7a0 JavaThread "JDWP Command Reader" daemon [_thread_in_native, id=13280, stack(0x000000ffa5900000,0x000000ffa5a00000)]
  0x000002a8c0733420 JavaThread "Notification Thread" daemon [_thread_blocked, id=9976, stack(0x000000ffa5b00000,0x000000ffa5c00000)]

Other Threads:
  0x000002a8c01f2810 VMThread "VM Thread" [stack: 0x000000ffa4d00000,0x000000ffa4e00000] [id=11068]
  0x000002a8c06176e0 WatcherThread [stack: 0x000000ffa5c00000,0x000000ffa5d00000] [id=12192]
  0x000002a89f3e3870 GCTaskThread "GC Thread#0" [stack: 0x000000ffa4800000,0x000000ffa4900000] [id=14160]
  0x000002a89f434020 ConcurrentGCThread "G1 Main Marker" [stack: 0x000000ffa4900000,0x000000ffa4a00000] [id=7436]
  0x000002a89f434c10 ConcurrentGCThread "G1 Conc#0" [stack: 0x000000ffa4a00000,0x000000ffa4b00000] [id=8464]
  0x000002a8bf80e540 ConcurrentGCThread "G1 Refine#0" [stack: 0x000000ffa4b00000,0x000000ffa4c00000] [id=776]
  0x000002a8bf80ee80 ConcurrentGCThread "G1 Young RemSet Sampling" [stack: 0x000000ffa4c00000,0x000000ffa4d00000] [id=11200]

Threads with active compile tasks:

VM state: not at safepoint (normal execution)

VM Mutex/Monitor currently owned by a thread: None

Heap address: 0x0000000701c00000, size: 4068 MB, Compressed Oops mode: Zero based, Oop shift amount: 3
CDS disabled.
Compressed class space mapped at: 0x0000000800000000-0x0000000840000000, size: 1073741824
Narrow klass base: 0x0000000800000000, Narrow klass shift: 0, Narrow klass range: 0x40000000

GC Precious Log:
 CPUs: 4 total, 4 available
 Memory: 16270M
 Large Page Support: Disabled
 NUMA Support: Disabled
 Compressed Oops: Enabled (Zero based)
 Heap Region Size: 2M
 Heap Min Capacity: 8M
 Heap Initial Capacity: 256M
 Heap Max Capacity: 4068M
 Pre-touch: Disabled
 Parallel Workers: 4
 Concurrent Workers: 1
 Concurrent Refinement Workers: 4
 Periodic GC: Disabled

Heap:
 garbage-first heap   total 262144K, used 2048K [0x0000000701c00000, 0x0000000800000000)
  region size 2048K, 3 young (6144K), 0 survivors (0K)
 Metaspace       used 9296K, capacity 9374K, committed 9600K, reserved 1058816K
  class space    used 790K, capacity 821K, committed 896K, reserved 1048576K

Heap Regions: E=young(eden), S=young(survivor), O=old, HS=humongous(starts), HC=humongous(continues), CS=collection set, F=free, OA=open archive, CA=closed archive, TAMS=top-at-mark-start (previous, next)
|   0|0x0000000701c00000, 0x0000000701c00000, 0x0000000701e00000|  0%| F|  |TAMS 0x0000000701c00000, 0x0000000701c00000| Untracked 
|   1|0x0000000701e00000, 0x0000000701e00000, 0x0000000702000000|  0%| F|  |TAMS 0x0000000701e00000, 0x0000000701e00000| Untracked 
|   2|0x0000000702000000, 0x0000000702000000, 0x0000000702200000|  0%| F|  |TAMS 0x0000000702000000, 0x0000000702000000| Untracked 
|   3|0x0000000702200000, 0x0000000702200000, 0x0000000702400000|  0%| F|  |TAMS 0x0000000702200000, 0x0000000702200000| Untracked 
|   4|0x0000000702400000, 0x0000000702400000, 0x0000000702600000|  0%| F|  |TAMS 0x0000000702400000, 0x0000000702400000| Untracked 
|   5|0x0000000702600000, 0x0000000702600000, 0x0000000702800000|  0%| F|  |TAMS 0x0000000702600000, 0x0000000702600000| Untracked 
|   6|0x0000000702800000, 0x0000000702800000, 0x0000000702a00000|  0%| F|  |TAMS 0x0000000702800000, 0x0000000702800000| Untracked 
|   7|0x0000000702a00000, 0x0000000702a00000, 0x0000000702c00000|  0%| F|  |TAMS 0x0000000702a00000, 0x0000000702a00000| Untracked 
|   8|0x0000000702c00000, 0x0000000702c00000, 0x0000000702e00000|  0%| F|  |TAMS 0x0000000702c00000, 0x0000000702c00000| Untracked 
|   9|0x0000000702e00000, 0x0000000702e00000, 0x0000000703000000|  0%| F|  |TAMS 0x0000000702e00000, 0x0000000702e00000| Untracked 
|  10|0x0000000703000000, 0x0000000703000000, 0x0000000703200000|  0%| F|  |TAMS 0x0000000703000000, 0x0000000703000000| Untracked 
|  11|0x0000000703200000, 0x0000000703200000, 0x0000000703400000|  0%| F|  |TAMS 0x0000000703200000, 0x0000000703200000| Untracked 
|  12|0x0000000703400000, 0x0000000703400000, 0x0000000703600000|  0%| F|  |TAMS 0x0000000703400000, 0x0000000703400000| Untracked 
|  13|0x0000000703600000, 0x0000000703600000, 0x0000000703800000|  0%| F|  |TAMS 0x0000000703600000, 0x0000000703600000| Untracked 
|  14|0x0000000703800000, 0x0000000703800000, 0x0000000703a00000|  0%| F|  |TAMS 0x0000000703800000, 0x0000000703800000| Untracked 
|  15|0x0000000703a00000, 0x0000000703a00000, 0x0000000703c00000|  0%| F|  |TAMS 0x0000000703a00000, 0x0000000703a00000| Untracked 
|  16|0x0000000703c00000, 0x0000000703c00000, 0x0000000703e00000|  0%| F|  |TAMS 0x0000000703c00000, 0x0000000703c00000| Untracked 
|  17|0x0000000703e00000, 0x0000000703e00000, 0x0000000704000000|  0%| F|  |TAMS 0x0000000703e00000, 0x0000000703e00000| Untracked 
|  18|0x0000000704000000, 0x0000000704000000, 0x0000000704200000|  0%| F|  |TAMS 0x0000000704000000, 0x0000000704000000| Untracked 
|  19|0x0000000704200000, 0x0000000704200000, 0x0000000704400000|  0%| F|  |TAMS 0x0000000704200000, 0x0000000704200000| Untracked 
|  20|0x0000000704400000, 0x0000000704400000, 0x0000000704600000|  0%| F|  |TAMS 0x0000000704400000, 0x0000000704400000| Untracked 
|  21|0x0000000704600000, 0x0000000704600000, 0x0000000704800000|  0%| F|  |TAMS 0x0000000704600000, 0x0000000704600000| Untracked 
|  22|0x0000000704800000, 0x0000000704800000, 0x0000000704a00000|  0%| F|  |TAMS 0x0000000704800000, 0x0000000704800000| Untracked 
|  23|0x0000000704a00000, 0x0000000704a00000, 0x0000000704c00000|  0%| F|  |TAMS 0x0000000704a00000, 0x0000000704a00000| Untracked 
|  24|0x0000000704c00000, 0x0000000704c00000, 0x0000000704e00000|  0%| F|  |TAMS 0x0000000704c00000, 0x0000000704c00000| Untracked 
|  25|0x0000000704e00000, 0x0000000704e00000, 0x0000000705000000|  0%| F|  |TAMS 0x0000000704e00000, 0x0000000704e00000| Untracked 
|  26|0x0000000705000000, 0x0000000705000000, 0x0000000705200000|  0%| F|  |TAMS 0x0000000705000000, 0x0000000705000000| Untracked 
|  27|0x0000000705200000, 0x0000000705200000, 0x0000000705400000|  0%| F|  |TAMS 0x0000000705200000, 0x0000000705200000| Untracked 
|  28|0x0000000705400000, 0x0000000705400000, 0x0000000705600000|  0%| F|  |TAMS 0x0000000705400000, 0x0000000705400000| Untracked 
|  29|0x0000000705600000, 0x0000000705600000, 0x0000000705800000|  0%| F|  |TAMS 0x0000000705600000, 0x0000000705600000| Untracked 
|  30|0x0000000705800000, 0x0000000705800000, 0x0000000705a00000|  0%| F|  |TAMS 0x0000000705800000, 0x0000000705800000| Untracked 
|  31|0x0000000705a00000, 0x0000000705a00000, 0x0000000705c00000|  0%| F|  |TAMS 0x0000000705a00000, 0x0000000705a00000| Untracked 
|  32|0x0000000705c00000, 0x0000000705c00000, 0x0000000705e00000|  0%| F|  |TAMS 0x0000000705c00000, 0x0000000705c00000| Untracked 
|  33|0x0000000705e00000, 0x0000000705e00000, 0x0000000706000000|  0%| F|  |TAMS 0x0000000705e00000, 0x0000000705e00000| Untracked 
|  34|0x0000000706000000, 0x0000000706000000, 0x0000000706200000|  0%| F|  |TAMS 0x0000000706000000, 0x0000000706000000| Untracked 
|  35|0x0000000706200000, 0x0000000706200000, 0x0000000706400000|  0%| F|  |TAMS 0x0000000706200000, 0x0000000706200000| Untracked 
|  36|0x0000000706400000, 0x0000000706400000, 0x0000000706600000|  0%| F|  |TAMS 0x0000000706400000, 0x0000000706400000| Untracked 
|  37|0x0000000706600000, 0x0000000706600000, 0x0000000706800000|  0%| F|  |TAMS 0x0000000706600000, 0x0000000706600000| Untracked 
|  38|0x0000000706800000, 0x0000000706800000, 0x0000000706a00000|  0%| F|  |TAMS 0x0000000706800000, 0x0000000706800000| Untracked 
|  39|0x0000000706a00000, 0x0000000706a00000, 0x0000000706c00000|  0%| F|  |TAMS 0x0000000706a00000, 0x0000000706a00000| Untracked 
|  40|0x0000000706c00000, 0x0000000706c00000, 0x0000000706e00000|  0%| F|  |TAMS 0x0000000706c00000, 0x0000000706c00000| Untracked 
|  41|0x0000000706e00000, 0x0000000706e00000, 0x0000000707000000|  0%| F|  |TAMS 0x0000000706e00000, 0x0000000706e00000| Untracked 
|  42|0x0000000707000000, 0x0000000707000000, 0x0000000707200000|  0%| F|  |TAMS 0x0000000707000000, 0x0000000707000000| Untracked 
|  43|0x0000000707200000, 0x0000000707200000, 0x0000000707400000|  0%| F|  |TAMS 0x0000000707200000, 0x0000000707200000| Untracked 
|  44|0x0000000707400000, 0x0000000707400000, 0x0000000707600000|  0%| F|  |TAMS 0x0000000707400000, 0x0000000707400000| Untracked 
|  45|0x0000000707600000, 0x0000000707600000, 0x0000000707800000|  0%| F|  |TAMS 0x0000000707600000, 0x0000000707600000| Untracked 
|  46|0x0000000707800000, 0x0000000707800000, 0x0000000707a00000|  0%| F|  |TAMS 0x0000000707800000, 0x0000000707800000| Untracked 
|  47|0x0000000707a00000, 0x0000000707a00000, 0x0000000707c00000|  0%| F|  |TAMS 0x0000000707a00000, 0x0000000707a00000| Untracked 
|  48|0x0000000707c00000, 0x0000000707c00000, 0x0000000707e00000|  0%| F|  |TAMS 0x0000000707c00000, 0x0000000707c00000| Untracked 
|  49|0x0000000707e00000, 0x0000000707e00000, 0x0000000708000000|  0%| F|  |TAMS 0x0000000707e00000, 0x0000000707e00000| Untracked 
|  50|0x0000000708000000, 0x0000000708000000, 0x0000000708200000|  0%| F|  |TAMS 0x0000000708000000, 0x0000000708000000| Untracked 
|  51|0x0000000708200000, 0x0000000708200000, 0x0000000708400000|  0%| F|  |TAMS 0x0000000708200000, 0x0000000708200000| Untracked 
|  52|0x0000000708400000, 0x0000000708400000, 0x0000000708600000|  0%| F|  |TAMS 0x0000000708400000, 0x0000000708400000| Untracked 
|  53|0x0000000708600000, 0x0000000708600000, 0x0000000708800000|  0%| F|  |TAMS 0x0000000708600000, 0x0000000708600000| Untracked 
|  54|0x0000000708800000, 0x0000000708800000, 0x0000000708a00000|  0%| F|  |TAMS 0x0000000708800000, 0x0000000708800000| Untracked 
|  55|0x0000000708a00000, 0x0000000708a00000, 0x0000000708c00000|  0%| F|  |TAMS 0x0000000708a00000, 0x0000000708a00000| Untracked 
|  56|0x0000000708c00000, 0x0000000708c00000, 0x0000000708e00000|  0%| F|  |TAMS 0x0000000708c00000, 0x0000000708c00000| Untracked 
|  57|0x0000000708e00000, 0x0000000708e00000, 0x0000000709000000|  0%| F|  |TAMS 0x0000000708e00000, 0x0000000708e00000| Untracked 
|  58|0x0000000709000000, 0x0000000709000000, 0x0000000709200000|  0%| F|  |TAMS 0x0000000709000000, 0x0000000709000000| Untracked 
|  59|0x0000000709200000, 0x0000000709200000, 0x0000000709400000|  0%| F|  |TAMS 0x0000000709200000, 0x0000000709200000| Untracked 
|  60|0x0000000709400000, 0x0000000709400000, 0x0000000709600000|  0%| F|  |TAMS 0x0000000709400000, 0x0000000709400000| Untracked 
|  61|0x0000000709600000, 0x0000000709600000, 0x0000000709800000|  0%| F|  |TAMS 0x0000000709600000, 0x0000000709600000| Untracked 
|  62|0x0000000709800000, 0x0000000709800000, 0x0000000709a00000|  0%| F|  |TAMS 0x0000000709800000, 0x0000000709800000| Untracked 
|  63|0x0000000709a00000, 0x0000000709a00000, 0x0000000709c00000|  0%| F|  |TAMS 0x0000000709a00000, 0x0000000709a00000| Untracked 
|  64|0x0000000709c00000, 0x0000000709c00000, 0x0000000709e00000|  0%| F|  |TAMS 0x0000000709c00000, 0x0000000709c00000| Untracked 
|  65|0x0000000709e00000, 0x0000000709e00000, 0x000000070a000000|  0%| F|  |TAMS 0x0000000709e00000, 0x0000000709e00000| Untracked 
|  66|0x000000070a000000, 0x000000070a000000, 0x000000070a200000|  0%| F|  |TAMS 0x000000070a000000, 0x000000070a000000| Untracked 
|  67|0x000000070a200000, 0x000000070a200000, 0x000000070a400000|  0%| F|  |TAMS 0x000000070a200000, 0x000000070a200000| Untracked 
|  68|0x000000070a400000, 0x000000070a400000, 0x000000070a600000|  0%| F|  |TAMS 0x000000070a400000, 0x000000070a400000| Untracked 
|  69|0x000000070a600000, 0x000000070a600000, 0x000000070a800000|  0%| F|  |TAMS 0x000000070a600000, 0x000000070a600000| Untracked 
|  70|0x000000070a800000, 0x000000070a800000, 0x000000070aa00000|  0%| F|  |TAMS 0x000000070a800000, 0x000000070a800000| Untracked 
|  71|0x000000070aa00000, 0x000000070aa00000, 0x000000070ac00000|  0%| F|  |TAMS 0x000000070aa00000, 0x000000070aa00000| Untracked 
|  72|0x000000070ac00000, 0x000000070ac00000, 0x000000070ae00000|  0%| F|  |TAMS 0x000000070ac00000, 0x000000070ac00000| Untracked 
|  73|0x000000070ae00000, 0x000000070ae00000, 0x000000070b000000|  0%| F|  |TAMS 0x000000070ae00000, 0x000000070ae00000| Untracked 
|  74|0x000000070b000000, 0x000000070b000000, 0x000000070b200000|  0%| F|  |TAMS 0x000000070b000000, 0x000000070b000000| Untracked 
|  75|0x000000070b200000, 0x000000070b200000, 0x000000070b400000|  0%| F|  |TAMS 0x000000070b200000, 0x000000070b200000| Untracked 
|  76|0x000000070b400000, 0x000000070b400000, 0x000000070b600000|  0%| F|  |TAMS 0x000000070b400000, 0x000000070b400000| Untracked 
|  77|0x000000070b600000, 0x000000070b600000, 0x000000070b800000|  0%| F|  |TAMS 0x000000070b600000, 0x000000070b600000| Untracked 
|  78|0x000000070b800000, 0x000000070b800000, 0x000000070ba00000|  0%| F|  |TAMS 0x000000070b800000, 0x000000070b800000| Untracked 
|  79|0x000000070ba00000, 0x000000070ba00000, 0x000000070bc00000|  0%| F|  |TAMS 0x000000070ba00000, 0x000000070ba00000| Untracked 
|  80|0x000000070bc00000, 0x000000070bc00000, 0x000000070be00000|  0%| F|  |TAMS 0x000000070bc00000, 0x000000070bc00000| Untracked 
|  81|0x000000070be00000, 0x000000070be00000, 0x000000070c000000|  0%| F|  |TAMS 0x000000070be00000, 0x000000070be00000| Untracked 
|  82|0x000000070c000000, 0x000000070c000000, 0x000000070c200000|  0%| F|  |TAMS 0x000000070c000000, 0x000000070c000000| Untracked 
|  83|0x000000070c200000, 0x000000070c200000, 0x000000070c400000|  0%| F|  |TAMS 0x000000070c200000, 0x000000070c200000| Untracked 
|  84|0x000000070c400000, 0x000000070c400000, 0x000000070c600000|  0%| F|  |TAMS 0x000000070c400000, 0x000000070c400000| Untracked 
|  85|0x000000070c600000, 0x000000070c600000, 0x000000070c800000|  0%| F|  |TAMS 0x000000070c600000, 0x000000070c600000| Untracked 
|  86|0x000000070c800000, 0x000000070c800000, 0x000000070ca00000|  0%| F|  |TAMS 0x000000070c800000, 0x000000070c800000| Untracked 
|  87|0x000000070ca00000, 0x000000070ca00000, 0x000000070cc00000|  0%| F|  |TAMS 0x000000070ca00000, 0x000000070ca00000| Untracked 
|  88|0x000000070cc00000, 0x000000070cc00000, 0x000000070ce00000|  0%| F|  |TAMS 0x000000070cc00000, 0x000000070cc00000| Untracked 
|  89|0x000000070ce00000, 0x000000070ce00000, 0x000000070d000000|  0%| F|  |TAMS 0x000000070ce00000, 0x000000070ce00000| Untracked 
|  90|0x000000070d000000, 0x000000070d000000, 0x000000070d200000|  0%| F|  |TAMS 0x000000070d000000, 0x000000070d000000| Untracked 
|  91|0x000000070d200000, 0x000000070d200000, 0x000000070d400000|  0%| F|  |TAMS 0x000000070d200000, 0x000000070d200000| Untracked 
|  92|0x000000070d400000, 0x000000070d400000, 0x000000070d600000|  0%| F|  |TAMS 0x000000070d400000, 0x000000070d400000| Untracked 
|  93|0x000000070d600000, 0x000000070d600000, 0x000000070d800000|  0%| F|  |TAMS 0x000000070d600000, 0x000000070d600000| Untracked 
|  94|0x000000070d800000, 0x000000070d800000, 0x000000070da00000|  0%| F|  |TAMS 0x000000070d800000, 0x000000070d800000| Untracked 
|  95|0x000000070da00000, 0x000000070da00000, 0x000000070dc00000|  0%| F|  |TAMS 0x000000070da00000, 0x000000070da00000| Untracked 
|  96|0x000000070dc00000, 0x000000070dc00000, 0x000000070de00000|  0%| F|  |TAMS 0x000000070dc00000, 0x000000070dc00000| Untracked 
|  97|0x000000070de00000, 0x000000070de00000, 0x000000070e000000|  0%| F|  |TAMS 0x000000070de00000, 0x000000070de00000| Untracked 
|  98|0x000000070e000000, 0x000000070e000000, 0x000000070e200000|  0%| F|  |TAMS 0x000000070e000000, 0x000000070e000000| Untracked 
|  99|0x000000070e200000, 0x000000070e200000, 0x000000070e400000|  0%| F|  |TAMS 0x000000070e200000, 0x000000070e200000| Untracked 
| 100|0x000000070e400000, 0x000000070e400000, 0x000000070e600000|  0%| F|  |TAMS 0x000000070e400000, 0x000000070e400000| Untracked 
| 101|0x000000070e600000, 0x000000070e600000, 0x000000070e800000|  0%| F|  |TAMS 0x000000070e600000, 0x000000070e600000| Untracked 
| 102|0x000000070e800000, 0x000000070e800000, 0x000000070ea00000|  0%| F|  |TAMS 0x000000070e800000, 0x000000070e800000| Untracked 
| 103|0x000000070ea00000, 0x000000070ea00000, 0x000000070ec00000|  0%| F|  |TAMS 0x000000070ea00000, 0x000000070ea00000| Untracked 
| 104|0x000000070ec00000, 0x000000070ec00000, 0x000000070ee00000|  0%| F|  |TAMS 0x000000070ec00000, 0x000000070ec00000| Untracked 
| 105|0x000000070ee00000, 0x000000070ee00000, 0x000000070f000000|  0%| F|  |TAMS 0x000000070ee00000, 0x000000070ee00000| Untracked 
| 106|0x000000070f000000, 0x000000070f000000, 0x000000070f200000|  0%| F|  |TAMS 0x000000070f000000, 0x000000070f000000| Untracked 
| 107|0x000000070f200000, 0x000000070f200000, 0x000000070f400000|  0%| F|  |TAMS 0x000000070f200000, 0x000000070f200000| Untracked 
| 108|0x000000070f400000, 0x000000070f400000, 0x000000070f600000|  0%| F|  |TAMS 0x000000070f400000, 0x000000070f400000| Untracked 
| 109|0x000000070f600000, 0x000000070f600000, 0x000000070f800000|  0%| F|  |TAMS 0x000000070f600000, 0x000000070f600000| Untracked 
| 110|0x000000070f800000, 0x000000070f800000, 0x000000070fa00000|  0%| F|  |TAMS 0x000000070f800000, 0x000000070f800000| Untracked 
| 111|0x000000070fa00000, 0x000000070fa00000, 0x000000070fc00000|  0%| F|  |TAMS 0x000000070fa00000, 0x000000070fa00000| Untracked 
| 112|0x000000070fc00000, 0x000000070fc00000, 0x000000070fe00000|  0%| F|  |TAMS 0x000000070fc00000, 0x000000070fc00000| Untracked 
| 113|0x000000070fe00000, 0x000000070fe00000, 0x0000000710000000|  0%| F|  |TAMS 0x000000070fe00000, 0x000000070fe00000| Untracked 
| 114|0x0000000710000000, 0x0000000710000000, 0x0000000710200000|  0%| F|  |TAMS 0x0000000710000000, 0x0000000710000000| Untracked 
| 115|0x0000000710200000, 0x0000000710200000, 0x0000000710400000|  0%| F|  |TAMS 0x0000000710200000, 0x0000000710200000| Untracked 
| 116|0x0000000710400000, 0x0000000710400000, 0x0000000710600000|  0%| F|  |TAMS 0x0000000710400000, 0x0000000710400000| Untracked 
| 117|0x0000000710600000, 0x0000000710600000, 0x0000000710800000|  0%| F|  |TAMS 0x0000000710600000, 0x0000000710600000| Untracked 
| 118|0x0000000710800000, 0x0000000710800000, 0x0000000710a00000|  0%| F|  |TAMS 0x0000000710800000, 0x0000000710800000| Untracked 
| 119|0x0000000710a00000, 0x0000000710a00000, 0x0000000710c00000|  0%| F|  |TAMS 0x0000000710a00000, 0x0000000710a00000| Untracked 
| 120|0x0000000710c00000, 0x0000000710c00000, 0x0000000710e00000|  0%| F|  |TAMS 0x0000000710c00000, 0x0000000710c00000| Untracked 
| 121|0x0000000710e00000, 0x0000000710e00000, 0x0000000711000000|  0%| F|  |TAMS 0x0000000710e00000, 0x0000000710e00000| Untracked 
| 122|0x0000000711000000, 0x0000000711000000, 0x0000000711200000|  0%| F|  |TAMS 0x0000000711000000, 0x0000000711000000| Untracked 
| 123|0x0000000711200000, 0x0000000711200000, 0x0000000711400000|  0%| F|  |TAMS 0x0000000711200000, 0x0000000711200000| Untracked 
| 124|0x0000000711400000, 0x0000000711400000, 0x0000000711600000|  0%| F|  |TAMS 0x0000000711400000, 0x0000000711400000| Untracked 
| 125|0x0000000711600000, 0x000000071170d940, 0x0000000711800000| 52%| E|  |TAMS 0x0000000711600000, 0x0000000711600000| Complete 
| 126|0x0000000711800000, 0x0000000711a00000, 0x0000000711a00000|100%| E|  |TAMS 0x0000000711800000, 0x0000000711800000| Complete 
| 127|0x0000000711a00000, 0x0000000711c00000, 0x0000000711c00000|100%| E|CS|TAMS 0x0000000711a00000, 0x0000000711a00000| Complete 

Card table byte_map: [0x000002a8b43b0000,0x000002a8b4bb0000] _byte_map_base: 0x000002a8b0ba2000

Marking Bits (Prev, Next): (CMBitMap*) 0x000002a89f3e5070, (CMBitMap*) 0x000002a89f3e50b0
 Prev Bits: [0x000002a8b53b0000, 0x000002a8b9340000)
 Next Bits: [0x000002a8b9340000, 0x000002a8bd2d0000)

Polling page: 0x000002a89f460000

Metaspace:

Usage:
  Non-class:      8.35 MB capacity,     8.31 MB (>99%) used,    41.96 KB ( <1%) free+waste,     5.44 KB ( <1%) overhead. 
      Class:    821.00 KB capacity,   790.61 KB ( 96%) used,    28.70 KB (  3%) free+waste,     1.69 KB ( <1%) overhead. 
       Both:      9.15 MB capacity,     9.08 MB (>99%) used,    70.66 KB ( <1%) free+waste,     7.13 KB ( <1%) overhead. 

Virtual space:
  Non-class space:       10.00 MB reserved,       8.50 MB ( 85%) committed 
      Class space:        1.00 GB reserved,     896.00 KB ( <1%) committed 
             Both:        1.01 GB reserved,       9.38 MB ( <1%) committed 

Chunk freelists:
   Non-Class:  23.00 KB
       Class:  11.00 KB
        Both:  34.00 KB

MaxMetaspaceSize: 17179869184.00 GB
CompressedClassSpaceSize: 1.00 GB

CodeHeap 'non-profiled nmethods': size=120000Kb used=130Kb max_used=130Kb free=119869Kb
 bounds [0x000002a8ac060000, 0x000002a8ac2d0000, 0x000002a8b3590000]
CodeHeap 'profiled nmethods': size=120000Kb used=570Kb max_used=570Kb free=119429Kb
 bounds [0x000002a8a4b30000, 0x000002a8a4da0000, 0x000002a8ac060000]
CodeHeap 'non-nmethods': size=5760Kb used=1227Kb max_used=1253Kb free=4532Kb
 bounds [0x000002a8a4590000, 0x000002a8a4800000, 0x000002a8a4b30000]
 total_blobs=817 nmethods=427 adapters=303
 compilation: enabled
              stopped_count=0, restarted_count=0
 full_count=0

Compilation events (20 events):
Event: 44.340 Thread 0x000002a8c0244410  419       3       java.lang.StringUTF16::compress (20 bytes)
Event: 44.340 Thread 0x000002a8c0244410 nmethod 419 0x000002a8a4bbba90 code [0x000002a8a4bbbc40, 0x000002a8a4bbbe68]
Event: 44.340 Thread 0x000002a8c0244410  420       3       org.eclipse.jdt.launching.internal.org.objectweb.asm.ClassReader::readUtf (44 bytes)
Event: 44.340 Thread 0x000002a8c0244410 nmethod 420 0x000002a8a4bbbf10 code [0x000002a8a4bbc0e0, 0x000002a8a4bbc4f8]
Event: 137.776 Thread 0x000002a8c0244410  421       3       org.eclipse.jdt.launching.internal.org.objectweb.asm.ClassReader::getItem (7 bytes)
Event: 137.776 Thread 0x000002a8c0244410 nmethod 421 0x000002a8a4bbc710 code [0x000002a8a4bbc8a0, 0x000002a8a4bbc9d8]
Event: 137.776 Thread 0x000002a8c0244410  422       3       java.lang.String::<init> (14 bytes)
Event: 137.776 Thread 0x000002a8c0244410 nmethod 422 0x000002a8a4bbca90 code [0x000002a8a4bbcc40, 0x000002a8a4bbce38]
Event: 137.777 Thread 0x000002a8c0244410  423       3       org.eclipse.jdt.launching.internal.org.objectweb.asm.Symbol::<init> (38 bytes)
Event: 137.778 Thread 0x000002a8c0244410 nmethod 423 0x000002a8a4bbcf90 code [0x000002a8a4bbd140, 0x000002a8a4bbd3d8]
Event: 137.778 Thread 0x000002a8c0244410  424       3       org.eclipse.jdt.launching.internal.org.objectweb.asm.SymbolTable::add (39 bytes)
Event: 137.778 Thread 0x000002a8c0244410 nmethod 424 0x000002a8a4bbd510 code [0x000002a8a4bbd6c0, 0x000002a8a4bbda18]
Event: 137.778 Thread 0x000002a8c0244410  425       3       org.eclipse.jdt.launching.internal.org.objectweb.asm.ClassReader::readUTF8 (23 bytes)
Event: 137.778 Thread 0x000002a8c0244410 nmethod 425 0x000002a8a4bbdb90 code [0x000002a8a4bbdd40, 0x000002a8a4bbdf78]
Event: 1326.683 Thread 0x000002a8c0244410  426       3       org.eclipse.jdt.launching.internal.org.objectweb.asm.SymbolTable::hash (10 bytes)
Event: 1326.683 Thread 0x000002a8c0244410 nmethod 426 0x000002a8a4bbe090 code [0x000002a8a4bbe240, 0x000002a8a4bbe368]
Event: 1326.683 Thread 0x000002a8c0244410  427       3       org.eclipse.jdt.launching.internal.org.objectweb.asm.ClassReader::readUtf (161 bytes)
Event: 1326.686 Thread 0x000002a8c0244410 

Event: 1326.686 Thread 0x000002a8c0244410  428       3       org.eclipse.jdt.launching.internal.org.objectweb.asm.SymbolTable$Entry::<init> (17 bytes)
Event: 1326.686 Thread 0x000002a8c0244410 nmethod 428 0x000002a8a4bbe490 code [0x000002a8a4bbe640, 0x000002a8a4bbe7c8]

GC Heap History (0 events):
No events

Deoptimization events (18 events):
Event: 0.331 Thread 0x000002a89f392410 Uncommon trap: trap_request=0xffffff45 fr.pc=0x000002a8ac06d5ec relative=0x0000000000000c0c
Event: 0.331 Thread 0x000002a89f392410 Uncommon trap: reason=unstable_if action=reinterpret pc=0x000002a8ac06d5ec method=java.util.HashMap.putVal(ILjava/lang/Object;Ljava/lang/Object;ZZ)Ljava/lang/Object; @ 181 c2
Event: 0.331 Thread 0x000002a89f392410 DEOPT PACKING pc=0x000002a8ac06d5ec sp=0x000000ffa47fe200
Event: 0.331 Thread 0x000002a89f392410 DEOPT UNPACKING pc=0x000002a8a45de42f sp=0x000000ffa47fe1c0 mode 2
Event: 0.447 Thread 0x000002a89f392410 DEOPT PACKING pc=0x000002a8a4ba2638 sp=0x000000ffa47fbad0
Event: 0.447 Thread 0x000002a89f392410 DEOPT UNPACKING pc=0x000002a8a45de23f sp=0x000000ffa47faf98 mode 0
Event: 0.448 Thread 0x000002a89f392410 DEOPT PACKING pc=0x000002a8a4ba2638 sp=0x000000ffa47fbad0
Event: 0.448 Thread 0x000002a89f392410 DEOPT UNPACKING pc=0x000002a8a45de23f sp=0x000000ffa47faf98 mode 0
Event: 0.448 Thread 0x000002a89f392410 DEOPT PACKING pc=0x000002a8a4ba2638 sp=0x000000ffa47fbad0
Event: 0.448 Thread 0x000002a89f392410 DEOPT UNPACKING pc=0x000002a8a45de23f sp=0x000000ffa47faf98 mode 0
Event: 0.458 Thread 0x000002a89f392410 DEOPT PACKING pc=0x000002a8a4ba2638 sp=0x000000ffa47f7be0
Event: 0.458 Thread 0x000002a89f392410 DEOPT UNPACKING pc=0x000002a8a45de23f sp=0x000000ffa47f70a8 mode 0
Event: 0.459 Thread 0x000002a89f392410 DEOPT PACKING pc=0x000002a8a4ba2638 sp=0x000000ffa47f7be0
Event: 0.459 Thread 0x000002a89f392410 DEOPT UNPACKING pc=0x000002a8a45de23f sp=0x000000ffa47f70a8 mode 0
Event: 0.459 Thread 0x000002a89f392410 DEOPT PACKING pc=0x000002a8a4ba2638 sp=0x000000ffa47f7be0
Event: 0.459 Thread 0x000002a89f392410 DEOPT UNPACKING pc=0x000002a8a45de23f sp=0x000000ffa47f70a8 mode 0
Event: 0.460 Thread 0x000002a89f392410 DEOPT PACKING pc=0x000002a8a4ba286d sp=0x000000ffa47f7be0
Event: 0.460 Thread 0x000002a89f392410 DEOPT UNPACKING pc=0x000002a8a45de23f sp=0x000000ffa47f70a8 mode 0

Classes unloaded (0 events):
No events

Classes redefined (3 events):
Event: 44.341 Thread 0x000002a8c01f2810 redefined class name=step8.B1712, count=1
Event: 137.779 Thread 0x000002a8c01f2810 redefined class name=step8.B1712, count=2
Event: 1326.684 Thread 0x000002a8c01f2810 redefined class name=step8.B1712, count=3

Internal exceptions (4 events):
Event: 0.327 Thread 0x000002a89f392410 Exception <a 'java/lang/NoSuchMethodError'{0x00000007118259b8}: 'void java.lang.invoke.DirectMethodHandle$Holder.invokeStatic(java.lang.Object, java.lang.Object)'> (0x00000007118259b8) 
thrown [./open/src/hotspot/share/interpreter/linkResolver.cpp, line 782]
Event: 0.327 Thread 0x000002a89f392410 Exception <a 'java/lang/NoSuchMethodError'{0x0000000711829660}: 'void java.lang.invoke.DirectMethodHandle$Holder.invokeStaticInit(java.lang.Object, java.lang.Object)'> (0x0000000711829660) 
thrown [./open/src/hotspot/share/interpreter/linkResolver.cpp, line 782]
Event: 0.414 Thread 0x000002a89f392410 Exception <a 'java/lang/NoSuchMethodError'{0x000000071160d800}: 'java.lang.Object java.lang.invoke.DirectMethodHandle$Holder.invokeStatic(java.lang.Object)'> (0x000000071160d800) 
thrown [./open/src/hotspot/share/interpreter/linkResolver.cpp, line 782]
Event: 2769.195 Thread 0x000002a8c052cf10 Exception <a 'java/lang/LinkageError'{0x0000000711bf86a8}> (0x0000000711bf86a8) 
thrown [./open/src/hotspot/share/oops/generateOopMap.cpp, line 2137]

Events (20 events):
Event: 2768.999 Executing VM operation: GetFrameCount
Event: 2768.999 Executing VM operation: GetFrameCount done
Event: 2768.999 Executing VM operation: GetStackTrace
Event: 2768.999 Executing VM operation: GetStackTrace done
Event: 2769.000 Executing VM operation: GetFrameLocation
Event: 2769.000 Executing VM operation: GetFrameLocation done
Event: 2769.000 Executing VM operation: GetCurrentLocation
Event: 2769.000 Executing VM operation: GetCurrentLocation done
Event: 2769.000 Executing VM operation: ChangeSingleStep
Event: 2769.000 Executing VM operation: ChangeSingleStep done
Event: 2769.001 Executing VM operation: ChangeSingleStep
Event: 2769.001 Executing VM operation: ChangeSingleStep done
Event: 2769.001 Executing VM operation: GetFrameCount
Event: 2769.001 Executing VM operation: GetFrameCount done
Event: 2769.001 Executing VM operation: GetFrameCount
Event: 2769.001 Executing VM operation: GetFrameCount done
Event: 2769.001 Executing VM operation: GetStackTrace
Event: 2769.002 Executing VM operation: GetStackTrace done
Event: 2769.002 Executing VM operation: GetFrameCount
Event: 2769.002 Executing VM operation: GetFrameCount done


Dynamic libraries:
0x00007ff716030000 - 0x00007ff71603d000 	C:\Users\Woorin\.p2\pool\plugins\org.eclipse.justj.openjdk.hotspot.jre.full.win32.x86_64_15.0.1.v20201027-0507\jre\bin\javaw.exe
0x00007fff1aec0000 - 0x00007fff1b0b0000 	C:\WINDOWS\SYSTEM32\ntdll.dll
0x00007fff19820000 - 0x00007fff198d2000 	C:\WINDOWS\System32\KERNEL32.DLL
0x00007fff17f00000 - 0x00007fff181a5000 	C:\WINDOWS\System32\KERNELBASE.dll
0x00007fff18380000 - 0x00007fff1847a000 	C:\WINDOWS\System32\ucrtbase.dll
0x00007fff10fa0000 - 0x00007fff10fb8000 	C:\Users\Woorin\.p2\pool\plugins\org.eclipse.justj.openjdk.hotspot.jre.full.win32.x86_64_15.0.1.v20201027-0507\jre\bin\jli.dll
0x00007fff1a4d0000 - 0x00007fff1a664000 	C:\WINDOWS\System32\USER32.dll
0x00007fff18820000 - 0x00007fff18841000 	C:\WINDOWS\System32\win32u.dll
0x00007fff10f80000 - 0x00007fff10f99000 	C:\Users\Woorin\.p2\pool\plugins\org.eclipse.justj.openjdk.hotspot.jre.full.win32.x86_64_15.0.1.v20201027-0507\jre\bin\VCRUNTIME140.dll
0x00007fff198e0000 - 0x00007fff19906000 	C:\WINDOWS\System32\GDI32.dll
0x00007fff18480000 - 0x00007fff18618000 	C:\WINDOWS\System32\gdi32full.dll
0x00007fff06e20000 - 0x00007fff070a4000 	C:\WINDOWS\WinSxS\amd64_microsoft.windows.common-controls_6595b64144ccf1df_6.0.18362.1316_none_9e7a364fe461dbd7\COMCTL32.dll
0x00007fff182e0000 - 0x00007fff1837e000 	C:\WINDOWS\System32\msvcp_win.dll
0x00007fff19de0000 - 0x00007fff19e7e000 	C:\WINDOWS\System32\msvcrt.dll
0x00007fff194e0000 - 0x00007fff19817000 	C:\WINDOWS\System32\combase.dll
0x00007fff1a2e0000 - 0x00007fff1a3ff000 	C:\WINDOWS\System32\RPCRT4.dll
0x00007fff18200000 - 0x00007fff18281000 	C:\WINDOWS\System32\bcryptPrimitives.dll
0x00007fff19430000 - 0x00007fff1945e000 	C:\WINDOWS\System32\IMM32.DLL
0x00007fff13030000 - 0x00007fff1303c000 	C:\Users\Woorin\.p2\pool\plugins\org.eclipse.justj.openjdk.hotspot.jre.full.win32.x86_64_15.0.1.v20201027-0507\jre\bin\vcruntime140_1.dll
0x00007fff0f110000 - 0x00007fff0f1a1000 	C:\Users\Woorin\.p2\pool\plugins\org.eclipse.justj.openjdk.hotspot.jre.full.win32.x86_64_15.0.1.v20201027-0507\jre\bin\msvcp140.dll
0x00007ffed5ff0000 - 0x00007ffed6b4e000 	C:\Users\Woorin\.p2\pool\plugins\org.eclipse.justj.openjdk.hotspot.jre.full.win32.x86_64_15.0.1.v20201027-0507\jre\bin\server\jvm.dll
0x00007fff1a670000 - 0x00007fff1a713000 	C:\WINDOWS\System32\ADVAPI32.dll
0x00007fff1a080000 - 0x00007fff1a117000 	C:\WINDOWS\System32\sechost.dll
0x00007fff18fd0000 - 0x00007fff18fd8000 	C:\WINDOWS\System32\PSAPI.DLL
0x00007fff0d0e0000 - 0x00007fff0d0e9000 	C:\WINDOWS\SYSTEM32\WSOCK32.dll
0x00007fff1a270000 - 0x00007fff1a2df000 	C:\WINDOWS\System32\WS2_32.dll
0x00007fff0e770000 - 0x00007fff0e794000 	C:\WINDOWS\SYSTEM32\WINMM.dll
0x00007fff12370000 - 0x00007fff1237a000 	C:\WINDOWS\SYSTEM32\VERSION.dll
0x00007fff0e740000 - 0x00007fff0e76d000 	C:\WINDOWS\SYSTEM32\WINMMBASE.dll
0x00007fff181b0000 - 0x00007fff181fa000 	C:\WINDOWS\System32\cfgmgr32.dll
0x00007fff17e30000 - 0x00007fff17e41000 	C:\WINDOWS\System32\kernel.appcore.dll
0x00007fff12fc0000 - 0x00007fff12fca000 	C:\Users\Woorin\.p2\pool\plugins\org.eclipse.justj.openjdk.hotspot.jre.full.win32.x86_64_15.0.1.v20201027-0507\jre\bin\jimage.dll
0x00007fff16670000 - 0x00007fff16864000 	C:\WINDOWS\SYSTEM32\DBGHELP.DLL
0x00007fff0fba0000 - 0x00007fff0fbca000 	C:\WINDOWS\SYSTEM32\dbgcore.DLL
0x00007ffefd240000 - 0x00007ffefd279000 	C:\Users\Woorin\.p2\pool\plugins\org.eclipse.justj.openjdk.hotspot.jre.full.win32.x86_64_15.0.1.v20201027-0507\jre\bin\jdwp.dll
0x00007fff12000000 - 0x00007fff1200e000 	C:\Users\Woorin\.p2\pool\plugins\org.eclipse.justj.openjdk.hotspot.jre.full.win32.x86_64_15.0.1.v20201027-0507\jre\bin\instrument.dll
0x00007fff10f20000 - 0x00007fff10f45000 	C:\Users\Woorin\.p2\pool\plugins\org.eclipse.justj.openjdk.hotspot.jre.full.win32.x86_64_15.0.1.v20201027-0507\jre\bin\java.dll
0x00007fff12ef0000 - 0x00007fff12f08000 	C:\Users\Woorin\.p2\pool\plugins\org.eclipse.justj.openjdk.hotspot.jre.full.win32.x86_64_15.0.1.v20201027-0507\jre\bin\zip.dll
0x00007fff1a720000 - 0x00007fff1ae08000 	C:\WINDOWS\System32\SHELL32.dll
0x00007fff19ee0000 - 0x00007fff19f87000 	C:\WINDOWS\System32\shcore.dll
0x00007fff18850000 - 0x00007fff18fcb000 	C:\WINDOWS\System32\windows.storage.dll
0x00007fff17de0000 - 0x00007fff17e03000 	C:\WINDOWS\System32\profapi.dll
0x00007fff17e50000 - 0x00007fff17e9a000 	C:\WINDOWS\System32\powrprof.dll
0x00007fff17dd0000 - 0x00007fff17de0000 	C:\WINDOWS\System32\UMPDC.dll
0x00007fff19e80000 - 0x00007fff19ed2000 	C:\WINDOWS\System32\shlwapi.dll
0x00007fff182c0000 - 0x00007fff182d7000 	C:\WINDOWS\System32\cryptsp.dll
0x00007fff0f780000 - 0x00007fff0f78b000 	C:\Users\Woorin\.p2\pool\plugins\org.eclipse.justj.openjdk.hotspot.jre.full.win32.x86_64_15.0.1.v20201027-0507\jre\bin\dt_socket.dll
0x00007fff17320000 - 0x00007fff1735a000 	C:\WINDOWS\SYSTEM32\IPHLPAPI.DLL
0x00007fff17610000 - 0x00007fff17677000 	C:\WINDOWS\system32\mswsock.dll
0x00007fff17360000 - 0x00007fff1742b000 	C:\WINDOWS\SYSTEM32\DNSAPI.dll
0x00007fff19f90000 - 0x00007fff19f98000 	C:\WINDOWS\System32\NSI.dll
0x00007fff0e710000 - 0x00007fff0e71a000 	C:\Windows\System32\rasadhlp.dll
0x00007fff0fd80000 - 0x00007fff0fdf7000 	C:\WINDOWS\System32\fwpuclnt.dll
0x00007fff18290000 - 0x00007fff182b6000 	C:\WINDOWS\System32\bcrypt.dll
0x00007fff111c0000 - 0x00007fff111d9000 	C:\Users\Woorin\.p2\pool\plugins\org.eclipse.justj.openjdk.hotspot.jre.full.win32.x86_64_15.0.1.v20201027-0507\jre\bin\net.dll
0x00007fff0e7a0000 - 0x00007fff0e890000 	C:\WINDOWS\SYSTEM32\WINHTTP.dll
0x00007fff11180000 - 0x00007fff11192000 	C:\Users\Woorin\.p2\pool\plugins\org.eclipse.justj.openjdk.hotspot.jre.full.win32.x86_64_15.0.1.v20201027-0507\jre\bin\nio.dll
0x00007fff12890000 - 0x00007fff128a0000 	C:\Users\Woorin\.p2\pool\plugins\org.eclipse.justj.openjdk.hotspot.jre.full.win32.x86_64_15.0.1.v20201027-0507\jre\bin\verify.dll

dbghelp: loaded successfully - version: 4.0.5 - missing functions: none
symbol engine: initialized successfully - sym options: 0x614 - pdb path: .;C:\Users\Woorin\.p2\pool\plugins\org.eclipse.justj.openjdk.hotspot.jre.full.win32.x86_64_15.0.1.v20201027-0507\jre\bin;C:\WINDOWS\SYSTEM32;C:\WINDOWS\WinSxS\amd64_microsoft.windows.common-controls_6595b64144ccf1df_6.0.18362.1316_none_9e7a364fe461dbd7;C:\Users\Woorin\.p2\pool\plugins\org.eclipse.justj.openjdk.hotspot.jre.full.win32.x86_64_15.0.1.v20201027-0507\jre\bin\server

VM Arguments:
jvm_args: -XX:+ShowCodeDetailsInExceptionMessages -agentlib:jdwp=transport=dt_socket,suspend=y,address=localhost:56567 -javaagent:C:\Users\Woorin\eclipse\java-2020-09\eclipse\configuration\org.eclipse.osgi\215\0\.cp\lib\javaagent-shaded.jar -Dfile.encoding=MS949 
java_command: step8.B1712
java_class_path (initial): C:\Users\Woorin\Desktop\Algorithm\BOJ_JAVA\BOJ_JAVA\bin
Launcher Type: SUN_STANDARD

[Global flags]
     intx CICompilerCount                          = 3                                         {product} {ergonomic}
     uint ConcGCThreads                            = 1                                         {product} {ergonomic}
     uint G1ConcRefinementThreads                  = 4                                         {product} {ergonomic}
   size_t G1HeapRegionSize                         = 2097152                                   {product} {ergonomic}
    uintx GCDrainStackTargetSize                   = 64                                        {product} {ergonomic}
   size_t InitialHeapSize                          = 268435456                                 {product} {ergonomic}
   size_t MarkStackSize                            = 4194304                                   {product} {ergonomic}
   size_t MaxHeapSize                              = 4265607168                                {product} {ergonomic}
   size_t MaxNewSize                               = 2558525440                                {product} {ergonomic}
   size_t MinHeapDeltaBytes                        = 2097152                                   {product} {ergonomic}
   size_t MinHeapSize                              = 8388608                                   {product} {ergonomic}
    uintx NonNMethodCodeHeapSize                   = 5832780                                {pd product} {ergonomic}
    uintx NonProfiledCodeHeapSize                  = 122912730                              {pd product} {ergonomic}
    uintx ProfiledCodeHeapSize                     = 122912730                              {pd product} {ergonomic}
    uintx ReservedCodeCacheSize                    = 251658240                              {pd product} {ergonomic}
     bool SegmentedCodeCache                       = true                                      {product} {ergonomic}
     bool ShowCodeDetailsInExceptionMessages       = true                                   {manageable} {command line}
   size_t SoftMaxHeapSize                          = 4265607168                             {manageable} {ergonomic}
     bool UseCompressedClassPointers               = true                                 {lp64_product} {ergonomic}
     bool UseCompressedOops                        = true                                 {lp64_product} {ergonomic}
     bool UseG1GC                                  = true                                      {product} {ergonomic}
     bool UseLargePagesIndividualAllocation        = false                                  {pd product} {ergonomic}

Logging:
Log output configuration:
 #0: stdout all=warning uptime,level,tags
 #1: stderr all=off uptime,level,tags

Environment Variables:
PATH=C:\Users\Woorin\.p2\pool\plugins\org.eclipse.justj.openjdk.hotspot.jre.full.win32.x86_64_15.0.1.v20201027-0507\jre\bin;C:/Users/Woorin/.p2/pool/plugins/org.eclipse.justj.openjdk.hotspot.jre.full.win32.x86_64_15.0.1.v20201027-0507/jre/bin/server;C:/Users/Woorin/.p2/pool/plugins/org.eclipse.justj.openjdk.hotspot.jre.full.win32.x86_64_15.0.1.v20201027-0507/jre/bin;C:\app\Woorin\product\18.0.0\dbhomeXE\bin;C:\Program Files (x86)\Intel\iCLS Client\;C:\Program Files\Intel\iCLS Client\;C:\Windows\system32;C:\Windows;C:\Windows\System32\Wbem;C:\Windows\System32\WindowsPowerShell\v1.0\;C:\Program Files (x86)\Intel\Intel(R) Management Engine Components\DAL;C:\Program Files\Intel\Intel(R) Management Engine Components\DAL;C:\Program Files (x86)\Intel\Intel(R) Management Engine Components\IPT;C:\Program Files\Intel\Intel(R) Management Engine Components\IPT;C:\Program Files (x86)\NVIDIA Corporation\PhysX\Common;C:\WINDOWS\system32;C:\WINDOWS;C:\WINDOWS\System32\Wbem;C:\WINDOWS\System32\WindowsPowerShell\v1.0\;C:\WINDOWS\System32\OpenSSH\;C:\Program Files\Intel\WiFi\bin\;C:\Program Files\Common Files\Intel\WirelessCommon\;C:\Program Files\dotnet\;C:\Program Files\Microsoft SQL Server\130\Tools\Binn\;C:\Program Files\Microsoft SQL Server\Client SDK\ODBC\170\Tools\Binn\;C:\Program Files\Git\cmd;C:\Users\Woorin\AppData\Local\Programs\Python\Python39\Scripts\;C:\Users\Woorin\AppData\Local\Programs\Python\Python39\;C:\Users\Woorin\AppData\Local\Microsoft\WindowsApps;C:\Users\Woorin\.dotnet\tools;C:\Users\Woorin\AppData\Local\Programs\Microsoft VS Code\bin;C:\WINDOWS\System32;
USERNAME=Woorin
OS=Windows_NT
PROCESSOR_IDENTIFIER=Intel64 Family 6 Model 142 Stepping 9, GenuineIntel



---------------  S Y S T E M  ---------------

OS:
 Windows 10 , 64 bit Build 18362 (10.0.18362.1316)
OS uptime: 1 days 10:12 hours

CPU: total 4 (initial active 4) (2 cores per cpu, 2 threads per core) family 6 model 142 stepping 9 microcode 0x8e, cmov, cx8, fxsr, mmx, sse, sse2, sse3, ssse3, sse4.1, sse4.2, popcnt, vzeroupper, avx, avx2, aes, clmul, erms, 3dnowpref, lzcnt, ht, tsc, tscinvbit, bmi1, bmi2, adx, fma, clflush, clflushopt

Memory: 4k page, system-wide physical 16270M (9970M free)
TotalPageFile size 18702M (AvailPageFile size 9237M)
current process WorkingSet (physical memory assigned to process): 45M, peak: 48M
current process commit charge ("private bytes"): 336M, peak: 338M

vm_info: OpenJDK 64-Bit Server VM (15.0.1+9-18) for windows-amd64 JRE (15.0.1+9-18), built on Sep 15 2020 14:39:31 by "mach5one" with unknown MS VC++:1925

END.
